<?xml version="1.0" encoding="UTF-8"?>
<!-- Generated by org.testng.reporters.JUnitXMLReporter -->
<testsuite hostname="PUN-LAP-DHOBALE" failures="0" tests="1" name="Default test" time="0.016" errors="0" timestamp="25 Mar 2022 11:27:05 GMT">
  <testcase classname="com.orange.pages.Performance" name="@BeforeMethod setUpBeforeTest" time="0.0">
    <failure type="org.testng.TestNGException" message="
Parameter &amp;apos;testName&amp;apos; is required by @Configuration on method setUpBeforeTest but has not been marked @Optional or defined
in C:\Users\rahul.dhoble\AppData\Local\Temp\1\testng-eclipse-371868977\testng-customsuite.xml">
      <![CDATA[org.testng.TestNGException: 
Parameter 'testName' is required by @Configuration on method setUpBeforeTest but has not been marked @Optional or defined
in C:\Users\rahul.dhoble\AppData\Local\Temp\1\testng-eclipse-371868977\testng-customsuite.xml
	at org.testng.internal.Parameters.createParameters(Parameters.java:156)
	at org.testng.internal.Parameters.createParameters(Parameters.java:362)
	at org.testng.internal.Parameters.createConfigurationParameters(Parameters.java:87)
	at org.testng.internal.Invoker.invokeConfigurations(Invoker.java:201)
	at org.testng.internal.Invoker.invokeMethod(Invoker.java:636)
	at org.testng.internal.Invoker.invokeTestMethod(Invoker.java:882)
	at org.testng.internal.Invoker.invokeTestMethods(Invoker.java:1189)
	at org.testng.internal.TestMethodWorker.invokeTestMethods(TestMethodWorker.java:124)
	at org.testng.internal.TestMethodWorker.run(TestMethodWorker.java:108)
	at org.testng.TestRunner.privateRun(TestRunner.java:767)
	at org.testng.TestRunner.run(TestRunner.java:617)
	at org.testng.SuiteRunner.runTest(SuiteRunner.java:348)
	at org.testng.SuiteRunner.runSequentially(SuiteRunner.java:343)
	at org.testng.SuiteRunner.privateRun(SuiteRunner.java:305)
	at org.testng.SuiteRunner.run(SuiteRunner.java:254)
	at org.testng.SuiteRunnerWorker.runSuite(SuiteRunnerWorker.java:52)
	at org.testng.SuiteRunnerWorker.run(SuiteRunnerWorker.java:86)
	at org.testng.TestNG.runSuitesSequentially(TestNG.java:1224)
	at org.testng.TestNG.runSuitesLocally(TestNG.java:1149)
	at org.testng.TestNG.run(TestNG.java:1057)
	at org.testng.remote.AbstractRemoteTestNG.run(AbstractRemoteTestNG.java:115)
	at org.testng.remote.RemoteTestNG.initAndRun(RemoteTestNG.java:251)
	at org.testng.remote.RemoteTestNG.main(RemoteTestNG.java:77)
]]>
    </failure>
  </testcase> <!-- @BeforeMethod setUpBeforeTest -->
  <testcase classname="com.orange.pages.Performance" name="@AfterMethod tearDownAfterTest" time="0.0">
    <skipped/>
  </testcase> <!-- @AfterMethod tearDownAfterTest -->
  <testcase classname="com.orange.pages.Performance" name="f" time="0.001">
    <skipped/>
  </testcase> <!-- f -->
</testsuite> <!-- Default test -->
