<?xml version="1.0" encoding="UTF-8"?>
<!-- Generated by org.testng.reporters.JUnitXMLReporter -->
<testsuite hostname="RahulD" failures="0" tests="1" name="Test" time="0.027" errors="0" timestamp="23 Jul 2023 16:12:50 GMT">
  <testcase classname="com.orange.testcases.Login" name="@BeforeMethod setUpBeforeTest" time="0.0">
    <failure type="java.lang.NoClassDefFoundError" message="org/openqa/selenium/devtools/HasDevTools">
      <![CDATA[java.lang.NoClassDefFoundError: org/openqa/selenium/devtools/HasDevTools
	at java.base/java.lang.ClassLoader.defineClass1(Native Method)
	at java.base/java.lang.ClassLoader.defineClass(ClassLoader.java:1012)
	at java.base/java.security.SecureClassLoader.defineClass(SecureClassLoader.java:150)
	at java.base/jdk.internal.loader.BuiltinClassLoader.defineClass(BuiltinClassLoader.java:862)
	at java.base/jdk.internal.loader.BuiltinClassLoader.findClassOnClassPathOrNull(BuiltinClassLoader.java:760)
	at java.base/jdk.internal.loader.BuiltinClassLoader.loadClassOrNull(BuiltinClassLoader.java:681)
	at java.base/jdk.internal.loader.BuiltinClassLoader.loadClass(BuiltinClassLoader.java:639)
	at java.base/jdk.internal.loader.ClassLoaders$AppClassLoader.loadClass(ClassLoaders.java:188)
	at java.base/java.lang.ClassLoader.loadClass(ClassLoader.java:520)
	at java.base/java.lang.ClassLoader.defineClass1(Native Method)
	at java.base/java.lang.ClassLoader.defineClass(ClassLoader.java:1012)
	at java.base/java.security.SecureClassLoader.defineClass(SecureClassLoader.java:150)
	at java.base/jdk.internal.loader.BuiltinClassLoader.defineClass(BuiltinClassLoader.java:862)
	at java.base/jdk.internal.loader.BuiltinClassLoader.findClassOnClassPathOrNull(BuiltinClassLoader.java:760)
	at java.base/jdk.internal.loader.BuiltinClassLoader.loadClassOrNull(BuiltinClassLoader.java:681)
	at java.base/jdk.internal.loader.BuiltinClassLoader.loadClass(BuiltinClassLoader.java:639)
	at java.base/jdk.internal.loader.ClassLoaders$AppClassLoader.loadClass(ClassLoaders.java:188)
	at java.base/java.lang.ClassLoader.loadClass(ClassLoader.java:520)
	at com.orange.utils.GenericActions.launchBrowser(GenericActions.java:198)
	at com.orange.testcases.Login.setUpBeforeTest(Login.java:60)
	at com.orange.demo.TestDemo.createAndRunXMLfileForSingleTest(TestDemo.java:189)
	at com.orange.demo.TestDemo.main(TestDemo.java:46)
Caused by: java.lang.ClassNotFoundException: org.openqa.selenium.devtools.HasDevTools
	at java.base/jdk.internal.loader.BuiltinClassLoader.loadClass(BuiltinClassLoader.java:641)
	at java.base/jdk.internal.loader.ClassLoaders$AppClassLoader.loadClass(ClassLoaders.java:188)
	at java.base/java.lang.ClassLoader.loadClass(ClassLoader.java:520)
	... 45 more
... Removed 23 stack frames]]>
    </failure>
  </testcase> <!-- @BeforeMethod setUpBeforeTest -->
  <testcase classname="com.orange.testcases.Login" name="@AfterMethod tearDownAfterTest" time="0.0">
    <skipped/>
  </testcase> <!-- @AfterMethod tearDownAfterTest -->
  <testcase classname="com.orange.testcases.Login" name="loginToOrangeHRM" time="0.0">
    <skipped/>
  </testcase> <!-- loginToOrangeHRM -->
</testsuite> <!-- Test -->
